  [1m[35m (1092.9ms)[0m  [1m[35mCREATE DATABASE "rails-99-cats_development" ENCODING = 'unicode'[0m
  ↳ bin/rails:9
  [1m[35m (591.9ms)[0m  [1m[35mCREATE DATABASE "rails-99-cats_test" ENCODING = 'unicode'[0m
  ↳ bin/rails:9
  [1m[35m (7.9ms)[0m  [1m[35mCREATE TABLE "schema_migrations" ("version" character varying NOT NULL PRIMARY KEY)[0m
  ↳ bin/rails:9
  [1m[35m (5.2ms)[0m  [1m[35mCREATE TABLE "ar_internal_metadata" ("key" character varying NOT NULL PRIMARY KEY, "value" character varying, "created_at" timestamp NOT NULL, "updated_at" timestamp NOT NULL)[0m
  ↳ bin/rails:9
  [1m[35m (0.4ms)[0m  [1m[34mSELECT pg_try_advisory_lock(595875392566159440)[0m
  ↳ bin/rails:9
  [1m[35m (0.8ms)[0m  [1m[34mSELECT "schema_migrations"."version" FROM "schema_migrations" ORDER BY "schema_migrations"."version" ASC[0m
  ↳ bin/rails:9
Migrating to CreateCats (20190619195320)
  [1m[35m (0.4ms)[0m  [1m[34mSELECT pg_advisory_unlock(595875392566159440)[0m
  ↳ bin/rails:9
  [1m[35m (0.2ms)[0m  [1m[34mSELECT pg_try_advisory_lock(595875392566159440)[0m
  ↳ bin/rails:9
  [1m[35m (1.5ms)[0m  [1m[34mSELECT "schema_migrations"."version" FROM "schema_migrations" ORDER BY "schema_migrations"."version" ASC[0m
  ↳ bin/rails:9
Migrating to CreateCats (20190619195320)
  [1m[35m (0.2ms)[0m  [1m[35mBEGIN[0m
  ↳ bin/rails:9
  [1m[35m (41.3ms)[0m  [1m[35mCREATE TABLE "cats" ("id" bigserial primary key, "birth_date" date NOT NULL, "color" character varying NOT NULL, "name" character varying NOT NULL, "sex" character varying(1) NOT NULL, "description" text NOT NULL, "created_at" timestamp NOT NULL, "updated_at" timestamp NOT NULL)[0m
  ↳ db/migrate/20190619195320_create_cats.rb:3
  [1m[36mActiveRecord::SchemaMigration Create (0.9ms)[0m  [1m[32mINSERT INTO "schema_migrations" ("version") VALUES ($1) RETURNING "version"[0m  [["version", "20190619195320"]]
  ↳ bin/rails:9
  [1m[35m (26.4ms)[0m  [1m[35mCOMMIT[0m
  ↳ bin/rails:9
  [1m[36mActiveRecord::InternalMetadata Load (0.9ms)[0m  [1m[34mSELECT  "ar_internal_metadata".* FROM "ar_internal_metadata" WHERE "ar_internal_metadata"."key" = $1 LIMIT $2[0m  [["key", "environment"], ["LIMIT", 1]]
  ↳ bin/rails:9
  [1m[35m (0.2ms)[0m  [1m[35mBEGIN[0m
  ↳ bin/rails:9
  [1m[36mActiveRecord::InternalMetadata Create (0.6ms)[0m  [1m[32mINSERT INTO "ar_internal_metadata" ("key", "value", "created_at", "updated_at") VALUES ($1, $2, $3, $4) RETURNING "key"[0m  [["key", "environment"], ["value", "development"], ["created_at", "2019-06-19 20:01:46.712551"], ["updated_at", "2019-06-19 20:01:46.712551"]]
  ↳ bin/rails:9
  [1m[35m (0.5ms)[0m  [1m[35mCOMMIT[0m
  ↳ bin/rails:9
  [1m[35m (25.2ms)[0m  [1m[34mSELECT pg_advisory_unlock(595875392566159440)[0m
  ↳ bin/rails:9
  [1m[35m (0.4ms)[0m  [1m[34mSELECT "schema_migrations"."version" FROM "schema_migrations" ORDER BY "schema_migrations"."version" ASC[0m
  ↳ bin/rails:9
Started GET "/" for ::1 at 2019-06-19 16:30:21 -0400
  [1m[35m (1.7ms)[0m  [1m[34mSELECT "schema_migrations"."version" FROM "schema_migrations" ORDER BY "schema_migrations"."version" ASC[0m
  ↳ /Users/larissa/.rbenv/versions/2.5.1/lib/ruby/gems/2.5.0/gems/activerecord-5.2.3/lib/active_record/log_subscriber.rb:98
Processing by Rails::WelcomeController#index as HTML
  Rendering /Users/larissa/.rbenv/versions/2.5.1/lib/ruby/gems/2.5.0/gems/railties-5.2.3/lib/rails/templates/rails/welcome/index.html.erb
  Rendered /Users/larissa/.rbenv/versions/2.5.1/lib/ruby/gems/2.5.0/gems/railties-5.2.3/lib/rails/templates/rails/welcome/index.html.erb (14.3ms)
Completed 200 OK in 63ms (Views: 28.7ms | ActiveRecord: 0.0ms)


Started GET "/cats" for ::1 at 2019-06-19 16:30:29 -0400
Processing by CatsController#index as HTML
  Rendering cats/index.html.erb within layouts/application
  [1m[36mCat Load (18.1ms)[0m  [1m[34mSELECT "cats".* FROM "cats"[0m
  ↳ app/views/cats/index.html.erb:4
  Rendered cats/index.html.erb within layouts/application (57.5ms)
Completed 200 OK in 425ms (Views: 363.0ms | ActiveRecord: 53.2ms)


Started GET "/" for ::1 at 2019-06-19 16:31:17 -0400
Processing by Rails::WelcomeController#index as HTML
  Rendering /Users/larissa/.rbenv/versions/2.5.1/lib/ruby/gems/2.5.0/gems/railties-5.2.3/lib/rails/templates/rails/welcome/index.html.erb
  Rendered /Users/larissa/.rbenv/versions/2.5.1/lib/ruby/gems/2.5.0/gems/railties-5.2.3/lib/rails/templates/rails/welcome/index.html.erb (4.4ms)
Completed 200 OK in 29ms (Views: 10.3ms | ActiveRecord: 0.0ms)


  [1m[35m (1.4ms)[0m  [1m[34mSELECT "schema_migrations"."version" FROM "schema_migrations" ORDER BY "schema_migrations"."version" ASC[0m
  ↳ bin/rails:9
  [1m[35m (23.2ms)[0m  [1m[35mBEGIN[0m
  ↳ db/seeds.rb:12
  [1m[36mCat Create (8.5ms)[0m  [1m[32mINSERT INTO "cats" ("birth_date", "color", "name", "sex", "description", "created_at", "updated_at") VALUES ($1, $2, $3, $4, $5, $6, $7) RETURNING "id"[0m  [["birth_date", "2015-01-20"], ["color", "orange"], ["name", "Tim"], ["sex", "M"], ["description", "Tim loves to walk around at night"], ["created_at", "2019-06-19 20:35:49.255363"], ["updated_at", "2019-06-19 20:35:49.255363"]]
  ↳ db/seeds.rb:12
  [1m[35m (0.8ms)[0m  [1m[35mCOMMIT[0m
  ↳ db/seeds.rb:12
  [1m[35m (1.8ms)[0m  [1m[35mBEGIN[0m
  ↳ db/seeds.rb:13
  [1m[36mCat Create (0.5ms)[0m  [1m[32mINSERT INTO "cats" ("birth_date", "color", "name", "sex", "description", "created_at", "updated_at") VALUES ($1, $2, $3, $4, $5, $6, $7) RETURNING "id"[0m  [["birth_date", "2013-05-27"], ["color", "black"], ["name", "Tom"], ["sex", "M"], ["description", "Tom does not get allong well with mice"], ["created_at", "2019-06-19 20:35:49.273878"], ["updated_at", "2019-06-19 20:35:49.273878"]]
  ↳ db/seeds.rb:13
  [1m[35m (0.5ms)[0m  [1m[35mCOMMIT[0m
  ↳ db/seeds.rb:13
  [1m[35m (24.8ms)[0m  [1m[35mBEGIN[0m
  ↳ db/seeds.rb:14
  [1m[36mCat Create (1.2ms)[0m  [1m[32mINSERT INTO "cats" ("birth_date", "color", "name", "sex", "description", "created_at", "updated_at") VALUES ($1, $2, $3, $4, $5, $6, $7) RETURNING "id"[0m  [["birth_date", "2015-01-20"], ["color", "orange"], ["name", "Garfield"], ["sex", "M"], ["description", "Garfield hates Mondays"], ["created_at", "2019-06-19 20:35:49.302566"], ["updated_at", "2019-06-19 20:35:49.302566"]]
  ↳ db/seeds.rb:14
  [1m[35m (0.6ms)[0m  [1m[35mCOMMIT[0m
  ↳ db/seeds.rb:14
  [1m[35m (0.2ms)[0m  [1m[35mBEGIN[0m
  ↳ db/seeds.rb:15
  [1m[36mCat Create (0.6ms)[0m  [1m[32mINSERT INTO "cats" ("birth_date", "color", "name", "sex", "description", "created_at", "updated_at") VALUES ($1, $2, $3, $4, $5, $6, $7) RETURNING "id"[0m  [["birth_date", "2014-01-20"], ["color", "white"], ["name", "Lily"], ["sex", "F"], ["description", "Lily likes to be annoying"], ["created_at", "2019-06-19 20:35:49.307533"], ["updated_at", "2019-06-19 20:35:49.307533"]]
  ↳ db/seeds.rb:15
  [1m[35m (0.5ms)[0m  [1m[35mCOMMIT[0m
  ↳ db/seeds.rb:15
  [1m[35m (0.4ms)[0m  [1m[35mBEGIN[0m
  ↳ db/seeds.rb:16
  [1m[36mCat Create (0.6ms)[0m  [1m[32mINSERT INTO "cats" ("birth_date", "color", "name", "sex", "description", "created_at", "updated_at") VALUES ($1, $2, $3, $4, $5, $6, $7) RETURNING "id"[0m  [["birth_date", "2013-05-20"], ["color", "black"], ["name", "Simon"], ["sex", "M"], ["description", "Simon plays with the dogs"], ["created_at", "2019-06-19 20:35:49.312383"], ["updated_at", "2019-06-19 20:35:49.312383"]]
  ↳ db/seeds.rb:16
  [1m[35m (0.5ms)[0m  [1m[35mCOMMIT[0m
  ↳ db/seeds.rb:16
  [1m[35m (0.2ms)[0m  [1m[35mBEGIN[0m
  ↳ db/seeds.rb:17
  [1m[36mCat Create (0.5ms)[0m  [1m[32mINSERT INTO "cats" ("birth_date", "color", "name", "sex", "description", "created_at", "updated_at") VALUES ($1, $2, $3, $4, $5, $6, $7) RETURNING "id"[0m  [["birth_date", "2011-04-20"], ["color", "gray"], ["name", "Arya"], ["sex", "F"], ["description", "Does not get along well with white walkers"], ["created_at", "2019-06-19 20:35:49.317070"], ["updated_at", "2019-06-19 20:35:49.317070"]]
  ↳ db/seeds.rb:17
  [1m[35m (0.5ms)[0m  [1m[35mCOMMIT[0m
  ↳ db/seeds.rb:17
Started GET "/" for ::1 at 2019-06-19 16:35:58 -0400
  [1m[35m (1.0ms)[0m  [1m[34mSELECT "schema_migrations"."version" FROM "schema_migrations" ORDER BY "schema_migrations"."version" ASC[0m
  ↳ /Users/larissa/.rbenv/versions/2.5.1/lib/ruby/gems/2.5.0/gems/activerecord-5.2.3/lib/active_record/log_subscriber.rb:98
Processing by Rails::WelcomeController#index as HTML
  Rendering /Users/larissa/.rbenv/versions/2.5.1/lib/ruby/gems/2.5.0/gems/railties-5.2.3/lib/rails/templates/rails/welcome/index.html.erb
  Rendered /Users/larissa/.rbenv/versions/2.5.1/lib/ruby/gems/2.5.0/gems/railties-5.2.3/lib/rails/templates/rails/welcome/index.html.erb (7.6ms)
Completed 200 OK in 43ms (Views: 19.4ms | ActiveRecord: 0.0ms)


Started GET "/cats" for ::1 at 2019-06-19 16:36:02 -0400
Processing by CatsController#index as HTML
  Rendering cats/index.html.erb within layouts/application
  [1m[36mCat Load (2.7ms)[0m  [1m[34mSELECT "cats".* FROM "cats"[0m
  ↳ app/views/cats/index.html.erb:4
  Rendered cats/index.html.erb within layouts/application (72.6ms)
Completed 200 OK in 323ms (Views: 270.3ms | ActiveRecord: 43.8ms)


Started GET "/cats/1" for ::1 at 2019-06-19 16:36:07 -0400
Processing by CatsController#show as HTML
  Parameters: {"id"=>"1"}
  [1m[36mCat Load (2.0ms)[0m  [1m[34mSELECT  "cats".* FROM "cats" WHERE "cats"."id" = $1 LIMIT $2[0m  [["id", 1], ["LIMIT", 1]]
  ↳ app/controllers/cats_controller.rb:9
  Rendering cats/show.html.erb within layouts/application
  Rendered cats/show.html.erb within layouts/application (0.6ms)
Completed 200 OK in 62ms (Views: 26.7ms | ActiveRecord: 24.5ms)


Started GET "/cats/1" for ::1 at 2019-06-19 16:36:22 -0400
Processing by CatsController#show as HTML
  Parameters: {"id"=>"1"}
  [1m[36mCat Load (7.1ms)[0m  [1m[34mSELECT  "cats".* FROM "cats" WHERE "cats"."id" = $1 LIMIT $2[0m  [["id", 1], ["LIMIT", 1]]
  ↳ app/controllers/cats_controller.rb:9
  Rendering cats/show.html.erb within layouts/application
  Rendered cats/show.html.erb within layouts/application (0.5ms)
Completed 200 OK in 30ms (Views: 19.8ms | ActiveRecord: 7.1ms)


Started GET "/cats/3" for ::1 at 2019-06-19 16:36:27 -0400
Processing by CatsController#show as HTML
  Parameters: {"id"=>"3"}
  [1m[36mCat Load (0.6ms)[0m  [1m[34mSELECT  "cats".* FROM "cats" WHERE "cats"."id" = $1 LIMIT $2[0m  [["id", 3], ["LIMIT", 1]]
  ↳ app/controllers/cats_controller.rb:9
  Rendering cats/show.html.erb within layouts/application
  Rendered cats/show.html.erb within layouts/application (0.6ms)
Completed 200 OK in 27ms (Views: 23.3ms | ActiveRecord: 0.6ms)


Started GET "/cats/4" for ::1 at 2019-06-19 16:36:29 -0400
Processing by CatsController#show as HTML
  Parameters: {"id"=>"4"}
  [1m[36mCat Load (6.0ms)[0m  [1m[34mSELECT  "cats".* FROM "cats" WHERE "cats"."id" = $1 LIMIT $2[0m  [["id", 4], ["LIMIT", 1]]
  ↳ app/controllers/cats_controller.rb:9
  Rendering cats/show.html.erb within layouts/application
  Rendered cats/show.html.erb within layouts/application (0.4ms)
Completed 200 OK in 40ms (Views: 31.2ms | ActiveRecord: 6.0ms)


Started GET "/cats" for ::1 at 2019-06-19 16:47:04 -0400
Processing by CatsController#index as HTML
  Rendering cats/index.html.erb within layouts/application
  [1m[36mCat Load (23.7ms)[0m  [1m[34mSELECT "cats".* FROM "cats"[0m
  ↳ app/views/cats/index.html.erb:4
  Rendered cats/index.html.erb within layouts/application (28.9ms)
Completed 200 OK in 49ms (Views: 24.5ms | ActiveRecord: 23.7ms)


Started GET "/cats/1" for ::1 at 2019-06-19 16:47:07 -0400
Processing by CatsController#show as HTML
  Parameters: {"id"=>"1"}
  [1m[36mCat Load (7.2ms)[0m  [1m[34mSELECT  "cats".* FROM "cats" WHERE "cats"."id" = $1 LIMIT $2[0m  [["id", 1], ["LIMIT", 1]]
  ↳ app/controllers/cats_controller.rb:9
  Rendering cats/show.html.erb within layouts/application
  Rendered cats/show.html.erb within layouts/application (41.5ms)
Completed 200 OK in 73ms (Views: 60.2ms | ActiveRecord: 8.1ms)


Started GET "/cats/1" for ::1 at 2019-06-19 16:48:23 -0400
Processing by CatsController#show as HTML
  Parameters: {"id"=>"1"}
Completed 500 Internal Server Error in 18ms (ActiveRecord: 0.0ms)



NoMethodError - undefined method `captitalize' for ["orange", "white", "black", "gray"]:Array:
  app/models/cat.rb:4:in `<class:Cat>'
  app/models/cat.rb:1:in `<top (required)>'
  app/controllers/cats_controller.rb:9:in `show'

Started POST "/__better_errors/f420d45a0f0265a3/variables" for ::1 at 2019-06-19 16:48:24 -0400
Started GET "/cats/1" for ::1 at 2019-06-19 16:48:53 -0400
Processing by CatsController#show as HTML
  Parameters: {"id"=>"1"}
Completed 500 Internal Server Error in 21ms (ActiveRecord: 0.0ms)



NoMethodError - undefined method `capitalize' for ["orange", "white", "black", "gray"]:Array:
  app/models/cat.rb:4:in `<class:Cat>'
  app/models/cat.rb:1:in `<top (required)>'
  app/controllers/cats_controller.rb:9:in `show'

Started POST "/__better_errors/cfe169ad83a09371/variables" for ::1 at 2019-06-19 16:48:53 -0400
Started GET "/cats/1" for ::1 at 2019-06-19 16:49:30 -0400
Processing by CatsController#show as HTML
  Parameters: {"id"=>"1"}
Completed 500 Internal Server Error in 18ms (ActiveRecord: 0.0ms)



NoMethodError - undefined method `capitalize' for ["orange", "white", "black", "gray"]:Array:
  app/models/cat.rb:6:in `<class:Cat>'
  app/models/cat.rb:1:in `<top (required)>'
  app/controllers/cats_controller.rb:9:in `show'

Started POST "/__better_errors/cf99e7503dc07828/variables" for ::1 at 2019-06-19 16:49:31 -0400
Started GET "/cats/1" for ::1 at 2019-06-19 16:49:59 -0400
Processing by CatsController#show as HTML
  Parameters: {"id"=>"1"}
  [1m[36mCat Load (0.4ms)[0m  [1m[34mSELECT  "cats".* FROM "cats" WHERE "cats"."id" = $1 LIMIT $2[0m  [["id", 1], ["LIMIT", 1]]
  ↳ app/controllers/cats_controller.rb:9
  Rendering cats/show.html.erb within layouts/application
  Rendered cats/show.html.erb within layouts/application (3.1ms)
Completed 200 OK in 147ms (Views: 26.2ms | ActiveRecord: 95.6ms)


Started GET "/cats/1" for ::1 at 2019-06-19 16:50:21 -0400
Processing by CatsController#show as HTML
  Parameters: {"id"=>"1"}
  [1m[36mCat Load (0.8ms)[0m  [1m[34mSELECT  "cats".* FROM "cats" WHERE "cats"."id" = $1 LIMIT $2[0m  [["id", 1], ["LIMIT", 1]]
  ↳ app/controllers/cats_controller.rb:9
  Rendering cats/show.html.erb within layouts/application
  Rendered cats/show.html.erb within layouts/application (1.1ms)
Completed 200 OK in 44ms (Views: 41.8ms | ActiveRecord: 0.8ms)


Started GET "/cats/1" for ::1 at 2019-06-19 16:59:38 -0400
Processing by CatsController#show as HTML
  Parameters: {"id"=>"1"}
  [1m[36mCat Load (1.1ms)[0m  [1m[34mSELECT  "cats".* FROM "cats" WHERE "cats"."id" = $1 LIMIT $2[0m  [["id", 1], ["LIMIT", 1]]
  ↳ app/controllers/cats_controller.rb:9
  Rendering cats/show.html.erb within layouts/application
  Rendered cats/show.html.erb within layouts/application (1.5ms)
Completed 200 OK in 112ms (Views: 23.5ms | ActiveRecord: 55.4ms)


Started GET "/cats" for ::1 at 2019-06-19 16:59:42 -0400
Processing by CatsController#index as HTML
  Rendering cats/index.html.erb within layouts/application
  [1m[36mCat Load (42.7ms)[0m  [1m[34mSELECT "cats".* FROM "cats"[0m
  ↳ app/views/cats/index.html.erb:4
  Rendered cats/index.html.erb within layouts/application (49.2ms)
Completed 200 OK in 90ms (Views: 46.5ms | ActiveRecord: 42.7ms)


Started GET "/cats" for ::1 at 2019-06-19 17:00:12 -0400
Processing by CatsController#index as HTML
  Rendering cats/index.html.erb within layouts/application
  [1m[36mCat Load (21.2ms)[0m  [1m[34mSELECT "cats".* FROM "cats"[0m
  ↳ app/views/cats/index.html.erb:4
  Rendered cats/index.html.erb within layouts/application (52.3ms)
Completed 200 OK in 85ms (Views: 63.5ms | ActiveRecord: 21.2ms)


Started GET "/cat" for ::1 at 2019-06-19 17:00:30 -0400
  
ActionController::RoutingError (No route matches [GET] "/cat"):
  
actionpack (5.2.3) lib/action_dispatch/middleware/debug_exceptions.rb:65:in `call'
web-console (3.7.0) lib/web_console/middleware.rb:135:in `call_app'
web-console (3.7.0) lib/web_console/middleware.rb:30:in `block in call'
web-console (3.7.0) lib/web_console/middleware.rb:20:in `catch'
web-console (3.7.0) lib/web_console/middleware.rb:20:in `call'
actionpack (5.2.3) lib/action_dispatch/middleware/show_exceptions.rb:33:in `call'
railties (5.2.3) lib/rails/rack/logger.rb:38:in `call_app'
railties (5.2.3) lib/rails/rack/logger.rb:26:in `block in call'
activesupport (5.2.3) lib/active_support/tagged_logging.rb:71:in `block in tagged'
activesupport (5.2.3) lib/active_support/tagged_logging.rb:28:in `tagged'
activesupport (5.2.3) lib/active_support/tagged_logging.rb:71:in `tagged'
railties (5.2.3) lib/rails/rack/logger.rb:26:in `call'
sprockets-rails (3.2.1) lib/sprockets/rails/quiet_assets.rb:13:in `call'
actionpack (5.2.3) lib/action_dispatch/middleware/remote_ip.rb:81:in `call'
actionpack (5.2.3) lib/action_dispatch/middleware/request_id.rb:27:in `call'
rack (2.0.7) lib/rack/method_override.rb:22:in `call'
rack (2.0.7) lib/rack/runtime.rb:22:in `call'
activesupport (5.2.3) lib/active_support/cache/strategy/local_cache_middleware.rb:29:in `call'
actionpack (5.2.3) lib/action_dispatch/middleware/executor.rb:14:in `call'
actionpack (5.2.3) lib/action_dispatch/middleware/static.rb:127:in `call'
rack (2.0.7) lib/rack/sendfile.rb:111:in `call'
railties (5.2.3) lib/rails/engine.rb:524:in `call'
puma (3.12.1) lib/puma/configuration.rb:227:in `call'
puma (3.12.1) lib/puma/server.rb:660:in `handle_request'
puma (3.12.1) lib/puma/server.rb:474:in `process_client'
puma (3.12.1) lib/puma/server.rb:334:in `block in run'
puma (3.12.1) lib/puma/thread_pool.rb:135:in `block in spawn_thread'
Started GET "/cat/new" for ::1 at 2019-06-19 17:00:53 -0400
  
ActionController::RoutingError (No route matches [GET] "/cat/new"):
  
actionpack (5.2.3) lib/action_dispatch/middleware/debug_exceptions.rb:65:in `call'
web-console (3.7.0) lib/web_console/middleware.rb:135:in `call_app'
web-console (3.7.0) lib/web_console/middleware.rb:30:in `block in call'
web-console (3.7.0) lib/web_console/middleware.rb:20:in `catch'
web-console (3.7.0) lib/web_console/middleware.rb:20:in `call'
actionpack (5.2.3) lib/action_dispatch/middleware/show_exceptions.rb:33:in `call'
railties (5.2.3) lib/rails/rack/logger.rb:38:in `call_app'
railties (5.2.3) lib/rails/rack/logger.rb:26:in `block in call'
activesupport (5.2.3) lib/active_support/tagged_logging.rb:71:in `block in tagged'
activesupport (5.2.3) lib/active_support/tagged_logging.rb:28:in `tagged'
activesupport (5.2.3) lib/active_support/tagged_logging.rb:71:in `tagged'
railties (5.2.3) lib/rails/rack/logger.rb:26:in `call'
sprockets-rails (3.2.1) lib/sprockets/rails/quiet_assets.rb:13:in `call'
actionpack (5.2.3) lib/action_dispatch/middleware/remote_ip.rb:81:in `call'
actionpack (5.2.3) lib/action_dispatch/middleware/request_id.rb:27:in `call'
rack (2.0.7) lib/rack/method_override.rb:22:in `call'
rack (2.0.7) lib/rack/runtime.rb:22:in `call'
activesupport (5.2.3) lib/active_support/cache/strategy/local_cache_middleware.rb:29:in `call'
actionpack (5.2.3) lib/action_dispatch/middleware/executor.rb:14:in `call'
actionpack (5.2.3) lib/action_dispatch/middleware/static.rb:127:in `call'
rack (2.0.7) lib/rack/sendfile.rb:111:in `call'
railties (5.2.3) lib/rails/engine.rb:524:in `call'
puma (3.12.1) lib/puma/configuration.rb:227:in `call'
puma (3.12.1) lib/puma/server.rb:660:in `handle_request'
puma (3.12.1) lib/puma/server.rb:474:in `process_client'
puma (3.12.1) lib/puma/server.rb:334:in `block in run'
puma (3.12.1) lib/puma/thread_pool.rb:135:in `block in spawn_thread'
Started GET "/cats/new" for ::1 at 2019-06-19 17:00:58 -0400
Processing by CatsController#new as HTML
  Rendering cats/new.html.erb within layouts/application
  Rendered cats/new.html.erb within layouts/application (29.6ms)
Completed 500 Internal Server Error in 61ms (ActiveRecord: 0.0ms)



ActionView::MissingTemplate - Missing partial cats/_form, application/_form with {:locale=>[:en], :formats=>[:html], :variants=>[], :handlers=>[:raw, :erb, :html, :builder, :ruby, :coffee, :jbuilder]}. Searched in:
  * "/Users/larissa/code/app-academy-projects/rails/w5d3/rails-99-cats/app/views"
:
  app/views/cats/new.html.erb:2:in `_app_views_cats_new_html_erb___2580898651799985865_70194571870720'
  app/controllers/cats_controller.rb:15:in `new'

Started POST "/__better_errors/5947ba53edd5100b/variables" for ::1 at 2019-06-19 17:00:59 -0400
Started GET "/cats/new" for ::1 at 2019-06-19 17:14:33 -0400
Processing by CatsController#new as HTML
  Rendering cats/new.html.erb within layouts/application
  Rendered cats/new.html.erb within layouts/application (0.9ms)
Completed 200 OK in 22ms (Views: 20.4ms | ActiveRecord: 0.0ms)


Started GET "/cats/new" for ::1 at 2019-06-19 17:15:12 -0400
Processing by CatsController#new as HTML
  Rendering cats/new.html.erb within layouts/application
  Rendered cats/new.html.erb within layouts/application (2.6ms)
Completed 200 OK in 25ms (Views: 24.4ms | ActiveRecord: 0.0ms)


Started GET "/cats/new" for ::1 at 2019-06-19 17:15:22 -0400
Processing by CatsController#new as HTML
  Rendering cats/new.html.erb within layouts/application
  Rendered cats/new.html.erb within layouts/application (1.1ms)
Completed 200 OK in 23ms (Views: 22.4ms | ActiveRecord: 0.0ms)


Started GET "/cats/new" for ::1 at 2019-06-19 17:15:30 -0400
Processing by CatsController#new as HTML
  Rendering cats/new.html.erb within layouts/application
  Rendered cats/new.html.erb within layouts/application (1.2ms)
Completed 200 OK in 25ms (Views: 24.4ms | ActiveRecord: 0.0ms)


Started GET "/cats/new" for ::1 at 2019-06-19 17:15:39 -0400
Processing by CatsController#new as HTML
  Rendering cats/new.html.erb within layouts/application
  Rendered cats/new.html.erb within layouts/application (1.0ms)
Completed 200 OK in 24ms (Views: 23.3ms | ActiveRecord: 0.0ms)


Started POST "/cats" for ::1 at 2019-06-19 17:16:18 -0400

AbstractController::ActionNotFound - The action 'create' could not be found for CatsController:

Started POST "/__better_errors/e010311e7b699f08/variables" for ::1 at 2019-06-19 17:16:18 -0400
Started POST "/cats" for ::1 at 2019-06-19 17:18:46 -0400
Processing by CatsController#create as HTML
  Parameters: {"cat"=>{"name"=>"sefs", "birth_date"=>"2019-06-04", "color"=>"gray", "sex"=>"F", "description"=>"rjnkj"}}
  [1m[35m (9.8ms)[0m  [1m[35mBEGIN[0m
  ↳ app/controllers/cats_controller.rb:21
  [1m[36mCat Create (11.4ms)[0m  [1m[32mINSERT INTO "cats" ("birth_date", "color", "name", "sex", "description", "created_at", "updated_at") VALUES ($1, $2, $3, $4, $5, $6, $7) RETURNING "id"[0m  [["birth_date", "2019-06-04"], ["color", "gray"], ["name", "sefs"], ["sex", "F"], ["description", "rjnkj"], ["created_at", "2019-06-19 21:18:47.130865"], ["updated_at", "2019-06-19 21:18:47.130865"]]
  ↳ app/controllers/cats_controller.rb:21
  [1m[35m (0.9ms)[0m  [1m[35mCOMMIT[0m
  ↳ app/controllers/cats_controller.rb:21
Redirected to http://localhost:3000/cats/7
Completed 302 Found in 136ms (ActiveRecord: 95.5ms)


Started GET "/cats/7" for ::1 at 2019-06-19 17:18:47 -0400
Processing by CatsController#show as HTML
  Parameters: {"id"=>"7"}
  [1m[36mCat Load (2.1ms)[0m  [1m[34mSELECT  "cats".* FROM "cats" WHERE "cats"."id" = $1 LIMIT $2[0m  [["id", 7], ["LIMIT", 1]]
  ↳ app/controllers/cats_controller.rb:9
  Rendering cats/show.html.erb within layouts/application
  Rendered cats/show.html.erb within layouts/application (2.8ms)
Completed 200 OK in 57ms (Views: 41.7ms | ActiveRecord: 2.7ms)


Started GET "/cats/" for ::1 at 2019-06-19 17:19:05 -0400
Processing by CatsController#index as HTML
  Rendering cats/index.html.erb within layouts/application
  [1m[36mCat Load (69.1ms)[0m  [1m[34mSELECT "cats".* FROM "cats"[0m
  ↳ app/views/cats/index.html.erb:4
  Rendered cats/index.html.erb within layouts/application (76.4ms)
Completed 200 OK in 108ms (Views: 37.9ms | ActiveRecord: 69.1ms)


Started GET "/cats/" for ::1 at 2019-06-19 18:04:41 -0400
Processing by CatsController#index as HTML
  Rendering cats/index.html.erb within layouts/application
  [1m[36mCat Load (14.3ms)[0m  [1m[34mSELECT "cats".* FROM "cats"[0m
  ↳ app/views/cats/index.html.erb:4
  Rendered cats/index.html.erb within layouts/application (47.2ms)
Completed 200 OK in 67ms (Views: 26.0ms | ActiveRecord: 35.8ms)


Started GET "/cats/1" for ::1 at 2019-06-19 18:04:42 -0400
Processing by CatsController#show as HTML
  Parameters: {"id"=>"1"}
  [1m[36mCat Load (0.7ms)[0m  [1m[34mSELECT  "cats".* FROM "cats" WHERE "cats"."id" = $1 LIMIT $2[0m  [["id", 1], ["LIMIT", 1]]
  ↳ app/controllers/cats_controller.rb:10
  Rendering cats/show.html.erb within layouts/application
  Rendered cats/show.html.erb within layouts/application (1.8ms)
Completed 200 OK in 27ms (Views: 22.2ms | ActiveRecord: 1.2ms)


Started GET "/cats/new" for ::1 at 2019-06-19 18:04:49 -0400
Processing by CatsController#new as HTML
  Rendering cats/new.html.erb within layouts/application
  Rendered cats/_form.html.erb (452.5ms)
  Rendered cats/new.html.erb within layouts/application (460.8ms)
Completed 500 Internal Server Error in 478ms (ActiveRecord: 0.0ms)



NameError - undefined local variable or method `cat' for #<#<Class:0x00007faee41f8020>:0x00007faee4138ce8>
Did you mean?  @cat:
  app/views/cats/_form.html.erb:1:in `_app_views_cats__form_html_erb__121350089549536311_70194533289980'
  app/views/cats/new.html.erb:3:in `_app_views_cats_new_html_erb___2580898651799985865_70194563734460'
  app/controllers/cats_controller.rb:18:in `new'

Started POST "/__better_errors/72bfeeeb632a1165/variables" for ::1 at 2019-06-19 18:04:50 -0400
Started GET "/cats/new" for ::1 at 2019-06-19 18:06:35 -0400
Processing by CatsController#new as HTML
  Rendering cats/new.html.erb within layouts/application
  Rendered cats/_form.html.erb (739.9ms)
  Rendered cats/new.html.erb within layouts/application (746.3ms)
Completed 500 Internal Server Error in 766ms (ActiveRecord: 0.0ms)



NameError - undefined local variable or method `cat' for #<#<Class:0x00007faee41f8020>:0x00007faee508b510>
Did you mean?  @cat:
  app/views/cats/_form.html.erb:1:in `_app_views_cats__form_html_erb__121350089549536311_70194564833920'
  app/views/cats/new.html.erb:3:in `_app_views_cats_new_html_erb___2580898651799985865_70194571792620'
  app/controllers/cats_controller.rb:18:in `new'

Started POST "/__better_errors/ad8deb9c37fcf795/variables" for ::1 at 2019-06-19 18:06:37 -0400
Started GET "/cats/new" for ::1 at 2019-06-19 18:06:46 -0400
Processing by CatsController#new as HTML
  Rendering cats/new.html.erb within layouts/application
  Rendered cats/_form.html.erb (1.1ms)
  Rendered cats/new.html.erb within layouts/application (8.4ms)
Completed 200 OK in 27ms (Views: 26.5ms | ActiveRecord: 0.0ms)


Started GET "/cats/new" for ::1 at 2019-06-19 18:06:55 -0400
Processing by CatsController#new as HTML
  Rendering cats/new.html.erb within layouts/application
  Rendered cats/_form.html.erb (1.4ms)
  Rendered cats/new.html.erb within layouts/application (6.0ms)
Completed 200 OK in 34ms (Views: 32.9ms | ActiveRecord: 0.0ms)


Started GET "/cats/new" for ::1 at 2019-06-19 18:07:30 -0400
Processing by CatsController#new as HTML
  Rendering cats/new.html.erb within layouts/application
  Rendered cats/_form.html.erb (1.3ms)
  Rendered cats/new.html.erb within layouts/application (5.4ms)
Completed 200 OK in 23ms (Views: 21.5ms | ActiveRecord: 0.0ms)


Started GET "/cats/new" for ::1 at 2019-06-19 18:07:32 -0400
Processing by CatsController#new as HTML
  Rendering cats/new.html.erb within layouts/application
  Rendered cats/_form.html.erb (1.4ms)
  Rendered cats/new.html.erb within layouts/application (6.2ms)
Completed 200 OK in 27ms (Views: 25.6ms | ActiveRecord: 0.0ms)


Started GET "/cats/new" for ::1 at 2019-06-19 18:07:49 -0400
Processing by CatsController#new as HTML
  Rendering cats/new.html.erb within layouts/application
  Rendered cats/_form.html.erb (1.8ms)
  Rendered cats/new.html.erb within layouts/application (7.7ms)
Completed 200 OK in 30ms (Views: 29.6ms | ActiveRecord: 0.0ms)


Started POST "/cats" for ::1 at 2019-06-19 18:08:06 -0400
Processing by CatsController#create as HTML
  Parameters: {"cat"=>{"name"=>"Tommy", "birth_date"=>"2019-06-18", "color"=>"orange", "sex"=>"F", "description"=>"  sefsfgsgesg"}}
  [1m[35m (4.7ms)[0m  [1m[35mBEGIN[0m
  ↳ app/controllers/cats_controller.rb:24
  [1m[36mCat Create (6.3ms)[0m  [1m[32mINSERT INTO "cats" ("birth_date", "color", "name", "sex", "description", "created_at", "updated_at") VALUES ($1, $2, $3, $4, $5, $6, $7) RETURNING "id"[0m  [["birth_date", "2019-06-18"], ["color", "orange"], ["name", "Tommy"], ["sex", "F"], ["description", "  sefsfgsgesg"], ["created_at", "2019-06-19 22:08:06.134036"], ["updated_at", "2019-06-19 22:08:06.134036"]]
  ↳ app/controllers/cats_controller.rb:24
  [1m[35m (26.6ms)[0m  [1m[35mCOMMIT[0m
  ↳ app/controllers/cats_controller.rb:24
Redirected to http://localhost:3000/cats/8
Completed 302 Found in 45ms (ActiveRecord: 37.5ms)


Started GET "/cats/8" for ::1 at 2019-06-19 18:08:06 -0400
Processing by CatsController#show as HTML
  Parameters: {"id"=>"8"}
  [1m[36mCat Load (2.6ms)[0m  [1m[34mSELECT  "cats".* FROM "cats" WHERE "cats"."id" = $1 LIMIT $2[0m  [["id", 8], ["LIMIT", 1]]
  ↳ app/controllers/cats_controller.rb:10
  Rendering cats/show.html.erb within layouts/application
  Rendered cats/show.html.erb within layouts/application (1.2ms)
Completed 200 OK in 24ms (Views: 16.5ms | ActiveRecord: 2.6ms)


Started GET "/cats/" for ::1 at 2019-06-19 18:08:11 -0400
Processing by CatsController#index as HTML
  Rendering cats/index.html.erb within layouts/application
  [1m[36mCat Load (15.3ms)[0m  [1m[34mSELECT "cats".* FROM "cats"[0m
  ↳ app/views/cats/index.html.erb:4
  Rendered cats/index.html.erb within layouts/application (18.7ms)
Completed 200 OK in 42ms (Views: 25.6ms | ActiveRecord: 15.3ms)


Started GET "/cats/8" for ::1 at 2019-06-19 18:08:13 -0400
Processing by CatsController#show as HTML
  Parameters: {"id"=>"8"}
  [1m[36mCat Load (3.3ms)[0m  [1m[34mSELECT  "cats".* FROM "cats" WHERE "cats"."id" = $1 LIMIT $2[0m  [["id", 8], ["LIMIT", 1]]
  ↳ app/controllers/cats_controller.rb:10
  Rendering cats/show.html.erb within layouts/application
  Rendered cats/show.html.erb within layouts/application (2.9ms)
Completed 200 OK in 25ms (Views: 19.7ms | ActiveRecord: 3.3ms)


Started GET "/cats/edit" for ::1 at 2019-06-19 18:08:16 -0400
Processing by CatsController#show as HTML
  Parameters: {"id"=>"edit"}
  [1m[36mCat Load (4.4ms)[0m  [1m[34mSELECT  "cats".* FROM "cats" WHERE "cats"."id" = $1 LIMIT $2[0m  [["id", 0], ["LIMIT", 1]]
  ↳ app/controllers/cats_controller.rb:10
Completed 404 Not Found in 8ms (ActiveRecord: 4.4ms)



ActiveRecord::RecordNotFound - Couldn't find Cat with 'id'=edit:
  app/controllers/cats_controller.rb:10:in `show'

Started POST "/__better_errors/f3e79456c725dd3a/variables" for ::1 at 2019-06-19 18:08:16 -0400
Started GET "/cats/8/edit" for ::1 at 2019-06-19 18:08:25 -0400
Processing by CatsController#edit as HTML
  Parameters: {"id"=>"8"}
  [1m[36mCat Load (22.7ms)[0m  [1m[34mSELECT  "cats".* FROM "cats" WHERE "cats"."id" = $1 LIMIT $2[0m  [["id", 8], ["LIMIT", 1]]
  ↳ app/controllers/cats_controller.rb:33
  Rendering cats/edit.html.erb within layouts/application
  Rendered cats/_form.html.erb (5.2ms)
  Rendered cats/edit.html.erb within layouts/application (21.9ms)
Completed 200 OK in 71ms (Views: 45.1ms | ActiveRecord: 22.7ms)


Started PATCH "/cats/8" for ::1 at 2019-06-19 18:08:34 -0400
Processing by CatsController#update as HTML
  Parameters: {"cat"=>{"name"=>"Tommy", "birth_date"=>"2019-06-18", "color"=>"orange", "sex"=>"M", "description"=>"   sefsfgsgesg "}, "id"=>"8"}
  [1m[36mCat Load (1.5ms)[0m  [1m[34mSELECT  "cats".* FROM "cats" WHERE "cats"."id" = $1 LIMIT $2[0m  [["id", 8], ["LIMIT", 1]]
  ↳ app/controllers/cats_controller.rb:39
  [1m[35m (1.3ms)[0m  [1m[35mBEGIN[0m
  ↳ app/controllers/cats_controller.rb:41
  [1m[36mCat Update (5.5ms)[0m  [1m[33mUPDATE "cats" SET "sex" = $1, "description" = $2, "updated_at" = $3 WHERE "cats"."id" = $4[0m  [["sex", "M"], ["description", "   sefsfgsgesg "], ["updated_at", "2019-06-19 22:08:34.032537"], ["id", 8]]
  ↳ app/controllers/cats_controller.rb:41
  [1m[35m (30.7ms)[0m  [1m[35mCOMMIT[0m
  ↳ app/controllers/cats_controller.rb:41
Redirected to http://localhost:3000/cats/8
Completed 302 Found in 52ms (ActiveRecord: 39.1ms)


Started GET "/cats/8" for ::1 at 2019-06-19 18:08:34 -0400
Processing by CatsController#show as HTML
  Parameters: {"id"=>"8"}
  [1m[36mCat Load (1.7ms)[0m  [1m[34mSELECT  "cats".* FROM "cats" WHERE "cats"."id" = $1 LIMIT $2[0m  [["id", 8], ["LIMIT", 1]]
  ↳ app/controllers/cats_controller.rb:10
  Rendering cats/show.html.erb within layouts/application
  Rendered cats/show.html.erb within layouts/application (1.1ms)
Completed 200 OK in 27ms (Views: 22.5ms | ActiveRecord: 1.7ms)


Started GET "/cats/" for ::1 at 2019-06-19 18:08:37 -0400
Processing by CatsController#index as HTML
  Rendering cats/index.html.erb within layouts/application
  [1m[36mCat Load (8.7ms)[0m  [1m[34mSELECT "cats".* FROM "cats"[0m
  ↳ app/views/cats/index.html.erb:4
  Rendered cats/index.html.erb within layouts/application (15.3ms)
Completed 200 OK in 40ms (Views: 30.4ms | ActiveRecord: 8.7ms)


Started GET "/cats/8" for ::1 at 2019-06-19 18:08:39 -0400
Processing by CatsController#show as HTML
  Parameters: {"id"=>"8"}
  [1m[36mCat Load (2.0ms)[0m  [1m[34mSELECT  "cats".* FROM "cats" WHERE "cats"."id" = $1 LIMIT $2[0m  [["id", 8], ["LIMIT", 1]]
  ↳ app/controllers/cats_controller.rb:10
  Rendering cats/show.html.erb within layouts/application
  Rendered cats/show.html.erb within layouts/application (2.3ms)
Completed 200 OK in 29ms (Views: 23.5ms | ActiveRecord: 2.0ms)


  [1m[35m (0.3ms)[0m  [1m[34mSELECT pg_try_advisory_lock(595875392566159440)[0m
  ↳ bin/rails:9
  [1m[35m (2.8ms)[0m  [1m[34mSELECT "schema_migrations"."version" FROM "schema_migrations" ORDER BY "schema_migrations"."version" ASC[0m
  ↳ bin/rails:9
Migrating to CreateCatRentalRequest (20190619221059)
  [1m[35m (24.9ms)[0m  [1m[35mBEGIN[0m
  ↳ bin/rails:9
  [1m[35m (19.4ms)[0m  [1m[35mCREATE TABLE "cat_rental_requests" ("id" bigserial primary key, "cat_id" integer NOT NULL, "start_date" date NOT NULL, "end_date" date NOT NULL, "status" character varying NOT NULL, "created_at" timestamp NOT NULL, "updated_at" timestamp NOT NULL)[0m
  ↳ db/migrate/20190619221059_create_cat_rental_request.rb:3
  [1m[35m (2.3ms)[0m  [1m[35mCREATE  INDEX  "index_cat_rental_requests_on_cat_id" ON "cat_rental_requests"  ("cat_id")[0m
  ↳ db/migrate/20190619221059_create_cat_rental_request.rb:11
  [1m[36mActiveRecord::SchemaMigration Create (0.6ms)[0m  [1m[32mINSERT INTO "schema_migrations" ("version") VALUES ($1) RETURNING "version"[0m  [["version", "20190619221059"]]
  ↳ bin/rails:9
  [1m[35m (1.4ms)[0m  [1m[35mCOMMIT[0m
  ↳ bin/rails:9
  [1m[36mActiveRecord::InternalMetadata Load (1.5ms)[0m  [1m[34mSELECT  "ar_internal_metadata".* FROM "ar_internal_metadata" WHERE "ar_internal_metadata"."key" = $1 LIMIT $2[0m  [["key", "environment"], ["LIMIT", 1]]
  ↳ bin/rails:9
  [1m[35m (0.2ms)[0m  [1m[35mBEGIN[0m
  ↳ bin/rails:9
  [1m[35m (0.8ms)[0m  [1m[35mCOMMIT[0m
  ↳ bin/rails:9
  [1m[35m (0.5ms)[0m  [1m[34mSELECT pg_advisory_unlock(595875392566159440)[0m
  ↳ bin/rails:9
  [1m[35m (0.4ms)[0m  [1m[34mSELECT "schema_migrations"."version" FROM "schema_migrations" ORDER BY "schema_migrations"."version" ASC[0m
  ↳ bin/rails:9
  [1m[35m (0.3ms)[0m  [1m[34mSELECT pg_try_advisory_lock(595875392566159440)[0m
  ↳ bin/rails:9
  [1m[35m (2.3ms)[0m  [1m[34mSELECT "schema_migrations"."version" FROM "schema_migrations" ORDER BY "schema_migrations"."version" ASC[0m
  ↳ bin/rails:9
  [1m[36mActiveRecord::InternalMetadata Load (0.7ms)[0m  [1m[34mSELECT  "ar_internal_metadata".* FROM "ar_internal_metadata" WHERE "ar_internal_metadata"."key" = $1 LIMIT $2[0m  [["key", "environment"], ["LIMIT", 1]]
  ↳ bin/rails:9
  [1m[35m (20.2ms)[0m  [1m[35mBEGIN[0m
  ↳ bin/rails:9
  [1m[35m (0.2ms)[0m  [1m[35mCOMMIT[0m
  ↳ bin/rails:9
  [1m[35m (0.4ms)[0m  [1m[34mSELECT pg_advisory_unlock(595875392566159440)[0m
  ↳ bin/rails:9
  [1m[35m (0.8ms)[0m  [1m[34mSELECT "schema_migrations"."version" FROM "schema_migrations" ORDER BY "schema_migrations"."version" ASC[0m
  ↳ bin/rails:9
  [1m[35m (1.0ms)[0m  [1m[34mSELECT "schema_migrations"."version" FROM "schema_migrations" ORDER BY "schema_migrations"."version" ASC[0m
  ↳ bin/rails:9
  [1m[35m (1.4ms)[0m  [1m[34mSELECT "schema_migrations"."version" FROM "schema_migrations" ORDER BY "schema_migrations"."version" ASC[0m
  ↳ bin/rails:9
  [1m[35m (1.6ms)[0m  [1m[34mSELECT "schema_migrations"."version" FROM "schema_migrations" ORDER BY "schema_migrations"."version" ASC[0m
  ↳ bin/rails:9
  [1m[35m (1.8ms)[0m  [1m[34mSELECT "schema_migrations"."version" FROM "schema_migrations" ORDER BY "schema_migrations"."version" ASC[0m
  ↳ bin/rails:9
  [1m[35m (0.2ms)[0m  [1m[35mBEGIN[0m
  ↳ db/seeds.rb:12
  [1m[36mCat Create (2.4ms)[0m  [1m[32mINSERT INTO "cats" ("birth_date", "color", "name", "sex", "description", "created_at", "updated_at") VALUES ($1, $2, $3, $4, $5, $6, $7) RETURNING "id"[0m  [["birth_date", "2015-01-20"], ["color", "orange"], ["name", "Tim"], ["sex", "M"], ["description", "Tim loves to walk around at night"], ["created_at", "2019-06-19 23:00:55.780548"], ["updated_at", "2019-06-19 23:00:55.780548"]]
  ↳ db/seeds.rb:12
  [1m[35m (0.6ms)[0m  [1m[35mCOMMIT[0m
  ↳ db/seeds.rb:12
  [1m[35m (0.2ms)[0m  [1m[35mBEGIN[0m
  ↳ db/seeds.rb:13
  [1m[36mCat Create (24.4ms)[0m  [1m[32mINSERT INTO "cats" ("birth_date", "color", "name", "sex", "description", "created_at", "updated_at") VALUES ($1, $2, $3, $4, $5, $6, $7) RETURNING "id"[0m  [["birth_date", "2013-05-27"], ["color", "black"], ["name", "Tom"], ["sex", "M"], ["description", "Tom does not get allong well with mice"], ["created_at", "2019-06-19 23:00:55.787939"], ["updated_at", "2019-06-19 23:00:55.787939"]]
  ↳ db/seeds.rb:13
  [1m[35m (0.8ms)[0m  [1m[35mCOMMIT[0m
  ↳ db/seeds.rb:13
  [1m[35m (0.2ms)[0m  [1m[35mBEGIN[0m
  ↳ db/seeds.rb:14
  [1m[36mCat Create (0.4ms)[0m  [1m[32mINSERT INTO "cats" ("birth_date", "color", "name", "sex", "description", "created_at", "updated_at") VALUES ($1, $2, $3, $4, $5, $6, $7) RETURNING "id"[0m  [["birth_date", "2015-01-20"], ["color", "orange"], ["name", "Garfield"], ["sex", "M"], ["description", "Garfield hates Mondays"], ["created_at", "2019-06-19 23:00:55.817213"], ["updated_at", "2019-06-19 23:00:55.817213"]]
  ↳ db/seeds.rb:14
  [1m[35m (0.4ms)[0m  [1m[35mCOMMIT[0m
  ↳ db/seeds.rb:14
  [1m[35m (0.1ms)[0m  [1m[35mBEGIN[0m
  ↳ db/seeds.rb:15
  [1m[36mCat Create (0.5ms)[0m  [1m[32mINSERT INTO "cats" ("birth_date", "color", "name", "sex", "description", "created_at", "updated_at") VALUES ($1, $2, $3, $4, $5, $6, $7) RETURNING "id"[0m  [["birth_date", "2014-01-20"], ["color", "white"], ["name", "Lily"], ["sex", "F"], ["description", "Lily likes to be annoying"], ["created_at", "2019-06-19 23:00:55.821188"], ["updated_at", "2019-06-19 23:00:55.821188"]]
  ↳ db/seeds.rb:15
  [1m[35m (0.5ms)[0m  [1m[35mCOMMIT[0m
  ↳ db/seeds.rb:15
  [1m[35m (0.2ms)[0m  [1m[35mBEGIN[0m
  ↳ db/seeds.rb:16
  [1m[36mCat Create (0.8ms)[0m  [1m[32mINSERT INTO "cats" ("birth_date", "color", "name", "sex", "description", "created_at", "updated_at") VALUES ($1, $2, $3, $4, $5, $6, $7) RETURNING "id"[0m  [["birth_date", "2013-05-20"], ["color", "black"], ["name", "Simon"], ["sex", "M"], ["description", "Simon plays with the dogs"], ["created_at", "2019-06-19 23:00:55.824841"], ["updated_at", "2019-06-19 23:00:55.824841"]]
  ↳ db/seeds.rb:16
  [1m[35m (0.5ms)[0m  [1m[35mCOMMIT[0m
  ↳ db/seeds.rb:16
  [1m[35m (0.2ms)[0m  [1m[35mBEGIN[0m
  ↳ db/seeds.rb:17
  [1m[36mCat Create (0.5ms)[0m  [1m[32mINSERT INTO "cats" ("birth_date", "color", "name", "sex", "description", "created_at", "updated_at") VALUES ($1, $2, $3, $4, $5, $6, $7) RETURNING "id"[0m  [["birth_date", "2011-04-20"], ["color", "gray"], ["name", "Arya"], ["sex", "F"], ["description", "Does not get along well with white walkers"], ["created_at", "2019-06-19 23:00:55.829557"], ["updated_at", "2019-06-19 23:00:55.829557"]]
  ↳ db/seeds.rb:17
  [1m[35m (0.5ms)[0m  [1m[35mCOMMIT[0m
  ↳ db/seeds.rb:17
  [1m[35m (0.2ms)[0m  [1m[35mBEGIN[0m
  ↳ db/seeds.rb:18
  [1m[36mCat Load (0.7ms)[0m  [1m[34mSELECT  "cats".* FROM "cats" WHERE "cats"."id" = $1 LIMIT $2[0m  [["id", 1], ["LIMIT", 1]]
  ↳ db/seeds.rb:18
  [1m[36mCatRentalRequest Create (4.6ms)[0m  [1m[32mINSERT INTO "cat_rental_requests" ("cat_id", "start_date", "end_date", "status", "created_at", "updated_at") VALUES ($1, $2, $3, $4, $5, $6) RETURNING "id"[0m  [["cat_id", 1], ["start_date", 2019], ["end_date", 252], ["status", "PENDING"], ["created_at", "2019-06-19 23:00:55.916911"], ["updated_at", "2019-06-19 23:00:55.916911"]]
  ↳ db/seeds.rb:18
  [1m[35m (0.2ms)[0m  [1m[31mROLLBACK[0m
  ↳ db/seeds.rb:18
  [1m[35m (2.6ms)[0m  [1m[34mSELECT "schema_migrations"."version" FROM "schema_migrations" ORDER BY "schema_migrations"."version" ASC[0m
  ↳ bin/rails:9
  [1m[35m (0.2ms)[0m  [1m[35mBEGIN[0m
  ↳ db/seeds.rb:12
  [1m[36mCat Create (26.1ms)[0m  [1m[32mINSERT INTO "cats" ("birth_date", "color", "name", "sex", "description", "created_at", "updated_at") VALUES ($1, $2, $3, $4, $5, $6, $7) RETURNING "id"[0m  [["birth_date", "2015-01-20"], ["color", "orange"], ["name", "Tim"], ["sex", "M"], ["description", "Tim loves to walk around at night"], ["created_at", "2019-06-19 23:01:38.987204"], ["updated_at", "2019-06-19 23:01:38.987204"]]
  ↳ db/seeds.rb:12
  [1m[35m (0.9ms)[0m  [1m[35mCOMMIT[0m
  ↳ db/seeds.rb:12
  [1m[35m (0.2ms)[0m  [1m[35mBEGIN[0m
  ↳ db/seeds.rb:13
  [1m[36mCat Create (0.4ms)[0m  [1m[32mINSERT INTO "cats" ("birth_date", "color", "name", "sex", "description", "created_at", "updated_at") VALUES ($1, $2, $3, $4, $5, $6, $7) RETURNING "id"[0m  [["birth_date", "2013-05-27"], ["color", "black"], ["name", "Tom"], ["sex", "M"], ["description", "Tom does not get allong well with mice"], ["created_at", "2019-06-19 23:01:39.017357"], ["updated_at", "2019-06-19 23:01:39.017357"]]
  ↳ db/seeds.rb:13
  [1m[35m (0.4ms)[0m  [1m[35mCOMMIT[0m
  ↳ db/seeds.rb:13
  [1m[35m (0.1ms)[0m  [1m[35mBEGIN[0m
  ↳ db/seeds.rb:14
  [1m[36mCat Create (0.4ms)[0m  [1m[32mINSERT INTO "cats" ("birth_date", "color", "name", "sex", "description", "created_at", "updated_at") VALUES ($1, $2, $3, $4, $5, $6, $7) RETURNING "id"[0m  [["birth_date", "2015-01-20"], ["color", "orange"], ["name", "Garfield"], ["sex", "M"], ["description", "Garfield hates Mondays"], ["created_at", "2019-06-19 23:01:39.020172"], ["updated_at", "2019-06-19 23:01:39.020172"]]
  ↳ db/seeds.rb:14
  [1m[35m (0.4ms)[0m  [1m[35mCOMMIT[0m
  ↳ db/seeds.rb:14
  [1m[35m (0.1ms)[0m  [1m[35mBEGIN[0m
  ↳ db/seeds.rb:15
  [1m[36mCat Create (0.4ms)[0m  [1m[32mINSERT INTO "cats" ("birth_date", "color", "name", "sex", "description", "created_at", "updated_at") VALUES ($1, $2, $3, $4, $5, $6, $7) RETURNING "id"[0m  [["birth_date", "2014-01-20"], ["color", "white"], ["name", "Lily"], ["sex", "F"], ["description", "Lily likes to be annoying"], ["created_at", "2019-06-19 23:01:39.022991"], ["updated_at", "2019-06-19 23:01:39.022991"]]
  ↳ db/seeds.rb:15
  [1m[35m (0.4ms)[0m  [1m[35mCOMMIT[0m
  ↳ db/seeds.rb:15
  [1m[35m (0.2ms)[0m  [1m[35mBEGIN[0m
  ↳ db/seeds.rb:16
  [1m[36mCat Create (1.1ms)[0m  [1m[32mINSERT INTO "cats" ("birth_date", "color", "name", "sex", "description", "created_at", "updated_at") VALUES ($1, $2, $3, $4, $5, $6, $7) RETURNING "id"[0m  [["birth_date", "2013-05-20"], ["color", "black"], ["name", "Simon"], ["sex", "M"], ["description", "Simon plays with the dogs"], ["created_at", "2019-06-19 23:01:39.026442"], ["updated_at", "2019-06-19 23:01:39.026442"]]
  ↳ db/seeds.rb:16
  [1m[35m (0.4ms)[0m  [1m[35mCOMMIT[0m
  ↳ db/seeds.rb:16
  [1m[35m (0.2ms)[0m  [1m[35mBEGIN[0m
  ↳ db/seeds.rb:17
  [1m[36mCat Create (0.5ms)[0m  [1m[32mINSERT INTO "cats" ("birth_date", "color", "name", "sex", "description", "created_at", "updated_at") VALUES ($1, $2, $3, $4, $5, $6, $7) RETURNING "id"[0m  [["birth_date", "2011-04-20"], ["color", "gray"], ["name", "Arya"], ["sex", "F"], ["description", "Does not get along well with white walkers"], ["created_at", "2019-06-19 23:01:39.031320"], ["updated_at", "2019-06-19 23:01:39.031320"]]
  ↳ db/seeds.rb:17
  [1m[35m (0.5ms)[0m  [1m[35mCOMMIT[0m
  ↳ db/seeds.rb:17
  [1m[35m (0.2ms)[0m  [1m[35mBEGIN[0m
  ↳ db/seeds.rb:18
  [1m[36mCat Load (0.6ms)[0m  [1m[34mSELECT  "cats".* FROM "cats" WHERE "cats"."id" = $1 LIMIT $2[0m  [["id", 1], ["LIMIT", 1]]
  ↳ db/seeds.rb:18
  [1m[36mCatRentalRequest Create (3.7ms)[0m  [1m[32mINSERT INTO "cat_rental_requests" ("cat_id", "start_date", "end_date", "status", "created_at", "updated_at") VALUES ($1, $2, $3, $4, $5, $6) RETURNING "id"[0m  [["cat_id", 1], ["start_date", "2019-01-01"], ["end_date", "2019-01-08"], ["status", "PENDING"], ["created_at", "2019-06-19 23:01:39.117469"], ["updated_at", "2019-06-19 23:01:39.117469"]]
  ↳ db/seeds.rb:18
  [1m[35m (0.6ms)[0m  [1m[35mCOMMIT[0m
  ↳ db/seeds.rb:18
  [1m[35m (0.3ms)[0m  [1m[35mBEGIN[0m
  ↳ db/seeds.rb:19
  [1m[36mCat Load (0.5ms)[0m  [1m[34mSELECT  "cats".* FROM "cats" WHERE "cats"."id" = $1 LIMIT $2[0m  [["id", 2], ["LIMIT", 1]]
  ↳ db/seeds.rb:19
  [1m[36mCatRentalRequest Create (1.3ms)[0m  [1m[32mINSERT INTO "cat_rental_requests" ("cat_id", "start_date", "end_date", "status", "created_at", "updated_at") VALUES ($1, $2, $3, $4, $5, $6) RETURNING "id"[0m  [["cat_id", 2], ["start_date", "2019-01-06"], ["end_date", "2019-01-11"], ["status", "PENDING"], ["created_at", "2019-06-19 23:01:39.127754"], ["updated_at", "2019-06-19 23:01:39.127754"]]
  ↳ db/seeds.rb:19
  [1m[35m (0.5ms)[0m  [1m[35mCOMMIT[0m
  ↳ db/seeds.rb:19
  [1m[35m (0.2ms)[0m  [1m[35mBEGIN[0m
  ↳ db/seeds.rb:20
  [1m[36mCat Load (0.4ms)[0m  [1m[34mSELECT  "cats".* FROM "cats" WHERE "cats"."id" = $1 LIMIT $2[0m  [["id", 2], ["LIMIT", 1]]
  ↳ db/seeds.rb:20
  [1m[36mCatRentalRequest Create (0.5ms)[0m  [1m[32mINSERT INTO "cat_rental_requests" ("cat_id", "start_date", "end_date", "status", "created_at", "updated_at") VALUES ($1, $2, $3, $4, $5, $6) RETURNING "id"[0m  [["cat_id", 2], ["start_date", "2019-01-08"], ["end_date", "2019-01-13"], ["status", "PENDING"], ["created_at", "2019-06-19 23:01:39.134323"], ["updated_at", "2019-06-19 23:01:39.134323"]]
  ↳ db/seeds.rb:20
  [1m[35m (0.4ms)[0m  [1m[35mCOMMIT[0m
  ↳ db/seeds.rb:20
  [1m[36mCatRentalRequest Load (0.7ms)[0m  [1m[34mSELECT  "cat_rental_requests".* FROM "cat_rental_requests" ORDER BY "cat_rental_requests"."id" ASC LIMIT $1[0m  [["LIMIT", 1]]
  [1m[36mCatRentalRequest Load (19.6ms)[0m  [1m[34mSELECT  "cat_rental_requests".* FROM "cat_rental_requests" ORDER BY "cat_rental_requests"."id" ASC LIMIT $1[0m  [["LIMIT", 1]]
  [1m[36mCatRentalRequest Load (0.5ms)[0m  [1m[34mSELECT  "cat_rental_requests".* FROM "cat_rental_requests" ORDER BY "cat_rental_requests"."id" ASC LIMIT $1 OFFSET $2[0m  [["LIMIT", 1], ["OFFSET", 1]]
  [1m[36mCatRentalRequest Load (0.5ms)[0m  [1m[34mSELECT  "cat_rental_requests".* FROM "cat_rental_requests" ORDER BY "cat_rental_requests"."id" DESC LIMIT $1[0m  [["LIMIT", 1]]
  [1m[36mCatRentalRequest Load (0.8ms)[0m  [1m[34mSELECT  "cat_rental_requests".* FROM "cat_rental_requests" ORDER BY "cat_rental_requests"."id" ASC LIMIT $1[0m  [["LIMIT", 1]]
  [1m[36mCatRentalRequest Load (0.6ms)[0m  [1m[34mSELECT  "cat_rental_requests".* FROM "cat_rental_requests" ORDER BY "cat_rental_requests"."id" ASC LIMIT $1 OFFSET $2[0m  [["LIMIT", 1], ["OFFSET", 1]]
  [1m[36mCatRentalRequest Load (0.4ms)[0m  [1m[34mSELECT  "cat_rental_requests".* FROM "cat_rental_requests" ORDER BY "cat_rental_requests"."id" DESC LIMIT $1[0m  [["LIMIT", 1]]
  [1m[36mCatRentalRequest Load (17.6ms)[0m  [1m[34mSELECT "cat_rental_requests".* FROM "cat_rental_requests" WHERE "cat_rental_requests"."id" != $1 AND "cat_rental_requests"."cat_id" = $2 AND NOT (start_date > '2019-01-13' OR end_date < '2019-01-08')[0m  [["id", nil], ["cat_id", nil]]
  [1m[36mCatRentalRequest Load (1.2ms)[0m  [1m[34mSELECT  "cat_rental_requests".* FROM "cat_rental_requests" ORDER BY "cat_rental_requests"."id" ASC LIMIT $1[0m  [["LIMIT", 1]]
  [1m[36mCatRentalRequest Load (0.5ms)[0m  [1m[34mSELECT  "cat_rental_requests".* FROM "cat_rental_requests" ORDER BY "cat_rental_requests"."id" ASC LIMIT $1 OFFSET $2[0m  [["LIMIT", 1], ["OFFSET", 1]]
  [1m[36mCatRentalRequest Load (0.5ms)[0m  [1m[34mSELECT  "cat_rental_requests".* FROM "cat_rental_requests" ORDER BY "cat_rental_requests"."id" DESC LIMIT $1[0m  [["LIMIT", 1]]
  [1m[36mCatRentalRequest Load (17.4ms)[0m  [1m[34mSELECT "cat_rental_requests".* FROM "cat_rental_requests" WHERE "cat_rental_requests"."id" != $1 AND "cat_rental_requests"."cat_id" = $2 AND NOT (start_date > '2019-01-13' OR end_date < '2019-01-08')[0m  [["id", 3], ["cat_id", nil]]
  [1m[36mCatRentalRequest Load (0.8ms)[0m  [1m[34mSELECT  "cat_rental_requests".* FROM "cat_rental_requests" ORDER BY "cat_rental_requests"."id" ASC LIMIT $1 OFFSET $2[0m  [["LIMIT", 1], ["OFFSET", 1]]
  [1m[36mCatRentalRequest Load (0.6ms)[0m  [1m[34mSELECT  "cat_rental_requests".* FROM "cat_rental_requests" ORDER BY "cat_rental_requests"."id" DESC LIMIT $1[0m  [["LIMIT", 1]]
  [1m[36mCatRentalRequest Load (2.0ms)[0m  [1m[34mSELECT "cat_rental_requests".* FROM "cat_rental_requests" WHERE "cat_rental_requests"."id" != $1 AND "cat_rental_requests"."cat_id" = $2 AND NOT (start_date > '2019-01-13' OR end_date < '2019-01-08')[0m  [["id", 3], ["cat_id", 2]]
  [1m[36mCatRentalRequest Load (0.4ms)[0m  [1m[34mSELECT  "cat_rental_requests".* FROM "cat_rental_requests" ORDER BY "cat_rental_requests"."id" ASC LIMIT $1[0m  [["LIMIT", 1]]
  [1m[36mCatRentalRequest Load (7.3ms)[0m  [1m[34mSELECT  "cat_rental_requests".* FROM "cat_rental_requests" ORDER BY "cat_rental_requests"."id" DESC LIMIT $1[0m  [["LIMIT", 1]]
  [1m[36mCatRentalRequest Load (1.8ms)[0m  [1m[34mSELECT "cat_rental_requests".* FROM "cat_rental_requests" WHERE "cat_rental_requests"."id" != $1 AND "cat_rental_requests"."cat_id" = $2 AND NOT (start_date > '2019-01-08' OR end_date < '2019-01-01')[0m  [["id", 1], ["cat_id", 1]]
  [1m[35m (10.0ms)[0m  [1m[35mBEGIN[0m
  [1m[36mCatRentalRequest Exists (0.8ms)[0m  [1m[34mSELECT  1 AS one FROM "cat_rental_requests" WHERE "cat_rental_requests"."id" IS NOT NULL AND "cat_rental_requests"."cat_id" = $1 AND NOT (start_date > '2019-01-08' OR end_date < '2019-01-01') LIMIT $2[0m  [["cat_id", 2], ["LIMIT", 1]]
  [1m[36mCat Load (0.7ms)[0m  [1m[34mSELECT  "cats".* FROM "cats" WHERE "cats"."id" = $1 LIMIT $2[0m  [["id", 2], ["LIMIT", 1]]
  [1m[36mCatRentalRequest Create (15.8ms)[0m  [1m[32mINSERT INTO "cat_rental_requests" ("cat_id", "start_date", "end_date", "status", "created_at", "updated_at") VALUES ($1, $2, $3, $4, $5, $6) RETURNING "id"[0m  [["cat_id", 2], ["start_date", "2019-01-01"], ["end_date", "2019-01-08"], ["status", "PENDING"], ["created_at", "2019-06-19 23:26:37.591228"], ["updated_at", "2019-06-19 23:26:37.591228"]]
  [1m[35m (4.5ms)[0m  [1m[35mCOMMIT[0m
  [1m[35m (0.2ms)[0m  [1m[35mBEGIN[0m
  [1m[36mCatRentalRequest Exists (22.1ms)[0m  [1m[34mSELECT  1 AS one FROM "cat_rental_requests" WHERE "cat_rental_requests"."id" IS NOT NULL AND "cat_rental_requests"."cat_id" = $1 AND NOT (start_date > '2019-01-08' OR end_date < '2019-01-07') LIMIT $2[0m  [["cat_id", 2], ["LIMIT", 1]]
  [1m[36mCat Load (0.8ms)[0m  [1m[34mSELECT  "cats".* FROM "cats" WHERE "cats"."id" = $1 LIMIT $2[0m  [["id", 2], ["LIMIT", 1]]
  [1m[36mCatRentalRequest Create (1.0ms)[0m  [1m[32mINSERT INTO "cat_rental_requests" ("cat_id", "start_date", "end_date", "status", "created_at", "updated_at") VALUES ($1, $2, $3, $4, $5, $6) RETURNING "id"[0m  [["cat_id", 2], ["start_date", "2019-01-07"], ["end_date", "2019-01-08"], ["status", "PENDING"], ["created_at", "2019-06-19 23:28:33.515859"], ["updated_at", "2019-06-19 23:28:33.515859"]]
  [1m[35m (0.8ms)[0m  [1m[35mCOMMIT[0m
  [1m[35m (16.3ms)[0m  [1m[35mBEGIN[0m
  [1m[36mCatRentalRequest Exists (1.5ms)[0m  [1m[34mSELECT  1 AS one FROM "cat_rental_requests" WHERE "cat_rental_requests"."id" IS NOT NULL AND "cat_rental_requests"."cat_id" = $1 AND NOT (start_date > '2019-01-08' OR end_date < '2019-01-07') LIMIT $2[0m  [["cat_id", 2], ["LIMIT", 1]]
  [1m[35m (0.6ms)[0m  [1m[31mROLLBACK[0m
